<?xml version="1.0" encoding="UTF-8"?>
<!-- Generated by org.testng.reporters.JUnitXMLReporter -->
<testsuite hostname="DESKTOP-AJJC2RF" ignored="0" name="Test A" tests="2" failures="2" timestamp="2020-11-10T23:57:41 CST" time="7.238" errors="0">
  <testcase name="testA" time="3.03" classname="suitea.TestA">
    <failure type="java.lang.AssertionError" message="The following asserts failed:
	expected [Title] but found [Title1],
	expected [Text] but found [Text1]">
      <![CDATA[java.lang.AssertionError: The following asserts failed:
expected [Title] but found [Title1],
expected [Text] but found [Text1]
at suitea.TestA.testA(TestA.java:21)
at java.util.ArrayList.forEach(Unknown Source)
... Removed 29 stack frames]]>
    </failure>
  </testcase> <!-- testA -->
  <testcase name="testA" time="3.007" classname="suitea.TestA">
    <failure type="java.lang.AssertionError" message="The following asserts failed:
	expected [Title] but found [Title1],
	expected [Text] but found [Text1]">
      <![CDATA[java.lang.AssertionError: The following asserts failed:
expected [Title] but found [Title1],
expected [Text] but found [Text1]
at suitea.TestA.testA(TestA.java:21)
at java.util.ArrayList.forEach(Unknown Source)
... Removed 29 stack frames]]>
    </failure>
  </testcase> <!-- testA -->
</testsuite> <!-- Test A -->
